2022-08-11 16:02:25,331:INFO:PyCaret Supervised Module
2022-08-11 16:02:25,332:INFO:ML Usecase: classification
2022-08-11 16:02:25,332:INFO:version 2.3.10
2022-08-11 16:02:25,332:INFO:Initializing setup()
2022-08-11 16:02:25,332:INFO:setup(target=nerdiness, ml_usecase=classification, available_plots={'parameter': 'Hyperparameters', 'auc': 'AUC', 'confusion_matrix': 'Confusion Matrix', 'threshold': 'Threshold', 'pr': 'Precision Recall', 'error': 'Prediction Error', 'class_report': 'Class Report', 'rfe': 'Feature Selection', 'learning': 'Learning Curve', 'manifold': 'Manifold Learning', 'calibration': 'Calibration Curve', 'vc': 'Validation Curve', 'dimension': 'Dimensions', 'feature': 'Feature Importance', 'feature_all': 'Feature Importance (All)', 'boundary': 'Decision Boundary', 'lift': 'Lift Chart', 'gain': 'Gain Chart', 'tree': 'Decision Tree', 'ks': 'KS Statistic Plot'}, train_size=0.7, test_data=None, preprocess=True, imputation_type=simple, iterative_imputation_iters=5, categorical_features=None, categorical_imputation=constant, categorical_iterative_imputer=lightgbm, ordinal_features=None, high_cardinality_features=None, high_cardinality_method=frequency, numeric_features=None, numeric_imputation=mean, numeric_iterative_imputer=lightgbm, date_features=None, ignore_features=None, normalize=False, normalize_method=zscore, transformation=False, transformation_method=yeo-johnson, handle_unknown_categorical=True, unknown_categorical_method=least_frequent, pca=False, pca_method=linear, pca_components=None, ignore_low_variance=False, combine_rare_levels=False, rare_level_threshold=0.1, bin_numeric_features=None, remove_outliers=False, outliers_threshold=0.05, remove_multicollinearity=False, multicollinearity_threshold=0.9, remove_perfect_collinearity=True, create_clusters=False, cluster_iter=20, polynomial_features=False, polynomial_degree=2, trigonometry_features=False, polynomial_threshold=0.1, group_features=None, group_names=None, feature_selection=False, feature_selection_threshold=0.8, feature_selection_method=classic, feature_interaction=False, feature_ratio=False, interaction_threshold=0.01, fix_imbalance=False, fix_imbalance_method=None, transform_target=False, transform_target_method=box-cox, data_split_shuffle=True, data_split_stratify=False, fold_strategy=stratifiedkfold, fold=10, fold_shuffle=False, fold_groups=None, n_jobs=-1, use_gpu=False, custom_pipeline=None, html=True, session_id=None, log_experiment=False, experiment_name=None, experiment_custom_tags=None, log_plots=False, log_profile=False, log_data=False, silent=False, verbose=True, profile=False, profile_kwargs=None, display=None)
2022-08-11 16:02:25,332:INFO:Checking environment
2022-08-11 16:02:25,332:INFO:python_version: 3.8.13
2022-08-11 16:02:25,332:INFO:python_build: ('default', 'Mar 28 2022 11:38:47')
2022-08-11 16:02:25,332:INFO:machine: x86_64
2022-08-11 16:02:25,333:INFO:platform: Linux-5.15.0-46-generic-x86_64-with-glibc2.17
2022-08-11 16:02:25,333:WARNING:cannot find psutil installation. memory not traceable. Install psutil using pip to enable memory logging.
2022-08-11 16:02:25,333:INFO:Checking libraries
2022-08-11 16:02:25,333:INFO:pd==1.4.3
2022-08-11 16:02:25,333:INFO:numpy==1.19.5
2022-08-11 16:02:25,333:INFO:sklearn==0.23.2
2022-08-11 16:02:25,333:INFO:lightgbm==3.2.1
2022-08-11 16:02:25,334:WARNING:catboost not found
2022-08-11 16:02:25,334:WARNING:xgboost not found
2022-08-11 16:02:25,334:INFO:mlflow==1.27.0
2022-08-11 16:02:25,334:INFO:Checking Exceptions
2022-08-11 16:02:25,334:INFO:Declaring global variables
2022-08-11 16:02:25,334:INFO:USI: 0449
2022-08-11 16:02:25,334:INFO:pycaret_globals: {'seed', 'prep_pipe', 'gpu_param', '_all_models_internal', 'X', 'y', 'transform_target_param', 'X_test', 'log_plots_param', 'stratify_param', 'fold_generator', 'iterative_imputation_iters_param', 'logging_param', '_all_metrics', 'fix_imbalance_method_param', 'fold_shuffle_param', 'target_param', 'imputation_regressor', 'dashboard_logger', 'USI', 'fix_imbalance_param', 'y_test', '_gpu_n_jobs_param', '_internal_pipeline', '_ml_usecase', 'fold_param', 'X_train', 'imputation_classifier', 'fold_groups_param_full', 'html_param', 'data_before_preprocess', '_all_models', 'pycaret_globals', '_available_plots', 'y_train', 'transform_target_method_param', 'n_jobs_param', 'master_model_container', 'display_container', 'fold_groups_param', 'experiment__', 'exp_name_log', 'create_model_container'}
2022-08-11 16:02:25,334:INFO:Preparing display monitor
2022-08-11 16:02:25,335:INFO:Preparing display monitor
2022-08-11 16:02:25,345:INFO:Importing libraries
2022-08-11 16:02:25,345:INFO:Copying data for preprocessing
2022-08-11 16:02:25,354:INFO:Declaring preprocessing parameters
2022-08-11 16:02:25,359:INFO:Creating preprocessing pipeline
2022-08-11 16:02:25,443:INFO:Preprocessing pipeline created successfully
2022-08-11 16:02:25,443:ERROR:(Process Exit): setup has been interupted with user command 'quit'. setup must rerun.
2022-08-11 16:02:25,443:INFO:Creating global containers
2022-08-11 16:02:25,444:INFO:Internal pipeline: Pipeline(memory=None, steps=[('empty_step', 'passthrough')], verbose=False)
2022-08-11 16:02:26,999:WARNING:Couldn't import xgboost.XGBClassifier
2022-08-11 16:02:26,999:WARNING:Couldn't import catboost.CatBoostClassifier
2022-08-11 16:02:27,065:WARNING:Couldn't import xgboost.XGBClassifier
2022-08-11 16:02:27,065:WARNING:Couldn't import catboost.CatBoostClassifier
2022-08-11 16:02:27,065:INFO:Creating grid variables
2022-08-11 16:02:27,075:INFO:create_model_container: 0
2022-08-11 16:02:27,075:INFO:master_model_container: 0
2022-08-11 16:02:27,075:INFO:display_container: 1
2022-08-11 16:02:27,078:INFO:Pipeline(memory=None,
         steps=[('dtypes',
                 DataTypes_Auto_infer(categorical_features=[],
                                      display_types=True, features_todrop=[],
                                      id_columns=[],
                                      ml_usecase='classification',
                                      numerical_features=[], target='nerdiness',
                                      time_features=[])),
                ('imputer',
                 Simple_Imputer(categorical_strategy='not_available',
                                fill_value_categorical=None,
                                fill_value_numerical=None,
                                numeric_st...
                ('scaling', 'passthrough'), ('P_transform', 'passthrough'),
                ('binn', 'passthrough'), ('rem_outliers', 'passthrough'),
                ('cluster_all', 'passthrough'),
                ('dummy', Dummify(target='nerdiness')),
                ('fix_perfect', Remove_100(target='nerdiness')),
                ('clean_names', Clean_Colum_Names()),
                ('feature_select', 'passthrough'), ('fix_multi', 'passthrough'),
                ('dfs', 'passthrough'), ('pca', 'passthrough')],
         verbose=False)
2022-08-11 16:02:27,078:INFO:setup() succesfully completed......................................
2022-08-11 16:02:31,233:INFO:Initializing compare_models()
2022-08-11 16:02:31,233:INFO:compare_models(include=None, fold=None, round=4, cross_validation=True, sort=AUC, n_select=3, budget_time=None, turbo=True, errors=ignore, fit_kwargs=None, groups=None, experiment_custom_tags=None, probability_threshold=None, verbose=True, display=None, exclude=None)
2022-08-11 16:02:31,233:INFO:Checking exceptions
2022-08-11 16:02:31,234:INFO:Preparing display monitor
2022-08-11 16:02:31,234:INFO:Preparing display monitor
2022-08-11 16:02:31,256:INFO:Initializing Logistic Regression
2022-08-11 16:02:31,256:INFO:Total runtime is 2.6067097981770834e-06 minutes
2022-08-11 16:02:31,261:INFO:SubProcess create_model() called ==================================
2022-08-11 16:02:31,262:INFO:Initializing create_model()
2022-08-11 16:02:31,262:INFO:create_model(estimator=lr, fold=StratifiedKFold(n_splits=10, random_state=None, shuffle=False), round=4, cross_validation=True, predict=True, fit_kwargs={}, groups=None, refit=False, verbose=False, system=False, metrics=None, experiment_custom_tags=None, add_to_model_list=True, probability_threshold=None, display=<pycaret.internal.Display.Display object at 0x7f58101afcd0>, return_train_score=False, kwargs={})
2022-08-11 16:02:31,262:INFO:Checking exceptions
2022-08-11 16:02:31,262:INFO:Importing libraries
2022-08-11 16:02:31,262:INFO:Copying training dataset
2022-08-11 16:02:31,263:INFO:Defining folds
2022-08-11 16:02:31,263:INFO:Declaring metric variables
2022-08-11 16:02:31,268:INFO:Importing untrained model
2022-08-11 16:02:31,273:INFO:Logistic Regression Imported succesfully
2022-08-11 16:02:31,282:INFO:Starting cross validation
2022-08-11 16:02:31,282:INFO:Cross validating with StratifiedKFold(n_splits=10, random_state=None, shuffle=False), n_jobs=-1
2022-08-11 16:02:34,438:INFO:Calculating mean and std
2022-08-11 16:02:34,440:INFO:Creating metrics dataframe
2022-08-11 16:02:34,447:INFO:Uploading results into container
2022-08-11 16:02:34,447:INFO:Uploading model into container now
2022-08-11 16:02:34,447:INFO:create_model_container: 1
2022-08-11 16:02:34,447:INFO:master_model_container: 1
2022-08-11 16:02:34,447:INFO:display_container: 2
2022-08-11 16:02:34,447:INFO:LogisticRegression(C=1.0, class_weight=None, dual=False, fit_intercept=True,
                   intercept_scaling=1, l1_ratio=None, max_iter=1000,
                   multi_class='auto', n_jobs=None, penalty='l2',
                   random_state=2017, solver='lbfgs', tol=0.0001, verbose=0,
                   warm_start=False)
2022-08-11 16:02:34,447:INFO:create_model() succesfully completed......................................
2022-08-11 16:02:34,534:INFO:SubProcess create_model() end ==================================
2022-08-11 16:02:34,534:INFO:Creating metrics dataframe
2022-08-11 16:02:34,540:INFO:Initializing K Neighbors Classifier
2022-08-11 16:02:34,540:INFO:Total runtime is 0.0547284205754598 minutes
2022-08-11 16:02:34,545:INFO:SubProcess create_model() called ==================================
2022-08-11 16:02:34,545:INFO:Initializing create_model()
2022-08-11 16:02:34,545:INFO:create_model(estimator=knn, fold=StratifiedKFold(n_splits=10, random_state=None, shuffle=False), round=4, cross_validation=True, predict=True, fit_kwargs={}, groups=None, refit=False, verbose=False, system=False, metrics=None, experiment_custom_tags=None, add_to_model_list=True, probability_threshold=None, display=<pycaret.internal.Display.Display object at 0x7f58101afcd0>, return_train_score=False, kwargs={})
2022-08-11 16:02:34,545:INFO:Checking exceptions
2022-08-11 16:02:34,545:INFO:Importing libraries
2022-08-11 16:02:34,545:INFO:Copying training dataset
2022-08-11 16:02:34,547:INFO:Defining folds
2022-08-11 16:02:34,547:INFO:Declaring metric variables
2022-08-11 16:02:34,552:INFO:Importing untrained model
2022-08-11 16:02:34,557:INFO:K Neighbors Classifier Imported succesfully
2022-08-11 16:02:34,568:INFO:Starting cross validation
2022-08-11 16:02:34,568:INFO:Cross validating with StratifiedKFold(n_splits=10, random_state=None, shuffle=False), n_jobs=-1
2022-08-11 16:02:35,853:INFO:Calculating mean and std
2022-08-11 16:02:35,853:INFO:Creating metrics dataframe
2022-08-11 16:02:35,856:INFO:Uploading results into container
2022-08-11 16:02:35,857:INFO:Uploading model into container now
2022-08-11 16:02:35,857:INFO:create_model_container: 2
2022-08-11 16:02:35,857:INFO:master_model_container: 2
2022-08-11 16:02:35,857:INFO:display_container: 2
2022-08-11 16:02:35,857:INFO:KNeighborsClassifier(algorithm='auto', leaf_size=30, metric='minkowski',
                     metric_params=None, n_jobs=-1, n_neighbors=5, p=2,
                     weights='uniform')
2022-08-11 16:02:35,857:INFO:create_model() succesfully completed......................................
2022-08-11 16:02:35,927:INFO:SubProcess create_model() end ==================================
2022-08-11 16:02:35,927:INFO:Creating metrics dataframe
2022-08-11 16:02:35,934:INFO:Initializing Naive Bayes
2022-08-11 16:02:35,935:INFO:Total runtime is 0.07796990474065145 minutes
2022-08-11 16:02:35,939:INFO:SubProcess create_model() called ==================================
2022-08-11 16:02:35,939:INFO:Initializing create_model()
2022-08-11 16:02:35,939:INFO:create_model(estimator=nb, fold=StratifiedKFold(n_splits=10, random_state=None, shuffle=False), round=4, cross_validation=True, predict=True, fit_kwargs={}, groups=None, refit=False, verbose=False, system=False, metrics=None, experiment_custom_tags=None, add_to_model_list=True, probability_threshold=None, display=<pycaret.internal.Display.Display object at 0x7f58101afcd0>, return_train_score=False, kwargs={})
2022-08-11 16:02:35,939:INFO:Checking exceptions
2022-08-11 16:02:35,939:INFO:Importing libraries
2022-08-11 16:02:35,940:INFO:Copying training dataset
2022-08-11 16:02:35,940:INFO:Defining folds
2022-08-11 16:02:35,940:INFO:Declaring metric variables
2022-08-11 16:02:35,945:INFO:Importing untrained model
2022-08-11 16:02:35,950:INFO:Naive Bayes Imported succesfully
2022-08-11 16:02:35,959:INFO:Starting cross validation
2022-08-11 16:02:35,959:INFO:Cross validating with StratifiedKFold(n_splits=10, random_state=None, shuffle=False), n_jobs=-1
2022-08-11 16:02:36,121:INFO:Calculating mean and std
2022-08-11 16:02:36,122:INFO:Creating metrics dataframe
2022-08-11 16:02:36,126:INFO:Uploading results into container
2022-08-11 16:02:36,126:INFO:Uploading model into container now
2022-08-11 16:02:36,126:INFO:create_model_container: 3
2022-08-11 16:02:36,126:INFO:master_model_container: 3
2022-08-11 16:02:36,126:INFO:display_container: 2
2022-08-11 16:02:36,126:INFO:GaussianNB(priors=None, var_smoothing=1e-09)
2022-08-11 16:02:36,126:INFO:create_model() succesfully completed......................................
2022-08-11 16:02:36,194:INFO:SubProcess create_model() end ==================================
2022-08-11 16:02:36,194:INFO:Creating metrics dataframe
2022-08-11 16:02:36,201:INFO:Initializing Decision Tree Classifier
2022-08-11 16:02:36,201:INFO:Total runtime is 0.08241966168085735 minutes
2022-08-11 16:02:36,206:INFO:SubProcess create_model() called ==================================
2022-08-11 16:02:36,206:INFO:Initializing create_model()
2022-08-11 16:02:36,206:INFO:create_model(estimator=dt, fold=StratifiedKFold(n_splits=10, random_state=None, shuffle=False), round=4, cross_validation=True, predict=True, fit_kwargs={}, groups=None, refit=False, verbose=False, system=False, metrics=None, experiment_custom_tags=None, add_to_model_list=True, probability_threshold=None, display=<pycaret.internal.Display.Display object at 0x7f58101afcd0>, return_train_score=False, kwargs={})
2022-08-11 16:02:36,206:INFO:Checking exceptions
2022-08-11 16:02:36,206:INFO:Importing libraries
2022-08-11 16:02:36,206:INFO:Copying training dataset
2022-08-11 16:02:36,207:INFO:Defining folds
2022-08-11 16:02:36,207:INFO:Declaring metric variables
2022-08-11 16:02:36,211:INFO:Importing untrained model
2022-08-11 16:02:36,216:INFO:Decision Tree Classifier Imported succesfully
2022-08-11 16:02:36,224:INFO:Starting cross validation
2022-08-11 16:02:36,224:INFO:Cross validating with StratifiedKFold(n_splits=10, random_state=None, shuffle=False), n_jobs=-1
2022-08-11 16:02:36,521:INFO:Calculating mean and std
2022-08-11 16:02:36,522:INFO:Creating metrics dataframe
2022-08-11 16:02:36,528:INFO:Uploading results into container
2022-08-11 16:02:36,528:INFO:Uploading model into container now
2022-08-11 16:02:36,528:INFO:create_model_container: 4
2022-08-11 16:02:36,528:INFO:master_model_container: 4
2022-08-11 16:02:36,528:INFO:display_container: 2
2022-08-11 16:02:36,529:INFO:DecisionTreeClassifier(ccp_alpha=0.0, class_weight=None, criterion='gini',
                       max_depth=None, max_features=None, max_leaf_nodes=None,
                       min_impurity_decrease=0.0, min_impurity_split=None,
                       min_samples_leaf=1, min_samples_split=2,
                       min_weight_fraction_leaf=0.0, presort='deprecated',
                       random_state=2017, splitter='best')
2022-08-11 16:02:36,529:INFO:create_model() succesfully completed......................................
2022-08-11 16:02:36,604:INFO:SubProcess create_model() end ==================================
2022-08-11 16:02:36,604:INFO:Creating metrics dataframe
2022-08-11 16:02:36,611:INFO:Initializing SVM - Linear Kernel
2022-08-11 16:02:36,611:INFO:Total runtime is 0.089253036181132 minutes
2022-08-11 16:02:36,616:INFO:SubProcess create_model() called ==================================
2022-08-11 16:02:36,616:INFO:Initializing create_model()
2022-08-11 16:02:36,616:INFO:create_model(estimator=svm, fold=StratifiedKFold(n_splits=10, random_state=None, shuffle=False), round=4, cross_validation=True, predict=True, fit_kwargs={}, groups=None, refit=False, verbose=False, system=False, metrics=None, experiment_custom_tags=None, add_to_model_list=True, probability_threshold=None, display=<pycaret.internal.Display.Display object at 0x7f58101afcd0>, return_train_score=False, kwargs={})
2022-08-11 16:02:36,617:INFO:Checking exceptions
2022-08-11 16:02:36,617:INFO:Importing libraries
2022-08-11 16:02:36,617:INFO:Copying training dataset
2022-08-11 16:02:36,618:INFO:Defining folds
2022-08-11 16:02:36,618:INFO:Declaring metric variables
2022-08-11 16:02:36,622:INFO:Importing untrained model
2022-08-11 16:02:36,627:INFO:SVM - Linear Kernel Imported succesfully
2022-08-11 16:02:36,634:INFO:Starting cross validation
2022-08-11 16:02:36,634:INFO:Cross validating with StratifiedKFold(n_splits=10, random_state=None, shuffle=False), n_jobs=-1
2022-08-11 16:02:36,849:INFO:Calculating mean and std
2022-08-11 16:02:36,850:INFO:Creating metrics dataframe
2022-08-11 16:02:36,856:INFO:Uploading results into container
2022-08-11 16:02:36,856:INFO:Uploading model into container now
2022-08-11 16:02:36,856:INFO:create_model_container: 5
2022-08-11 16:02:36,856:INFO:master_model_container: 5
2022-08-11 16:02:36,856:INFO:display_container: 2
2022-08-11 16:02:36,857:INFO:SGDClassifier(alpha=0.0001, average=False, class_weight=None,
              early_stopping=False, epsilon=0.1, eta0=0.001, fit_intercept=True,
              l1_ratio=0.15, learning_rate='optimal', loss='hinge',
              max_iter=1000, n_iter_no_change=5, n_jobs=-1, penalty='l2',
              power_t=0.5, random_state=2017, shuffle=True, tol=0.001,
              validation_fraction=0.1, verbose=0, warm_start=False)
2022-08-11 16:02:36,857:INFO:create_model() succesfully completed......................................
2022-08-11 16:02:36,936:INFO:SubProcess create_model() end ==================================
2022-08-11 16:02:36,936:INFO:Creating metrics dataframe
2022-08-11 16:02:36,943:INFO:Initializing Ridge Classifier
2022-08-11 16:02:36,943:INFO:Total runtime is 0.09478576183319093 minutes
2022-08-11 16:02:36,948:INFO:SubProcess create_model() called ==================================
2022-08-11 16:02:36,948:INFO:Initializing create_model()
2022-08-11 16:02:36,948:INFO:create_model(estimator=ridge, fold=StratifiedKFold(n_splits=10, random_state=None, shuffle=False), round=4, cross_validation=True, predict=True, fit_kwargs={}, groups=None, refit=False, verbose=False, system=False, metrics=None, experiment_custom_tags=None, add_to_model_list=True, probability_threshold=None, display=<pycaret.internal.Display.Display object at 0x7f58101afcd0>, return_train_score=False, kwargs={})
2022-08-11 16:02:36,948:INFO:Checking exceptions
2022-08-11 16:02:36,948:INFO:Importing libraries
2022-08-11 16:02:36,948:INFO:Copying training dataset
2022-08-11 16:02:36,949:INFO:Defining folds
2022-08-11 16:02:36,949:INFO:Declaring metric variables
2022-08-11 16:02:36,955:INFO:Importing untrained model
2022-08-11 16:02:36,961:INFO:Ridge Classifier Imported succesfully
2022-08-11 16:02:36,968:INFO:Starting cross validation
2022-08-11 16:02:36,969:INFO:Cross validating with StratifiedKFold(n_splits=10, random_state=None, shuffle=False), n_jobs=-1
2022-08-11 16:02:37,135:INFO:Calculating mean and std
2022-08-11 16:02:37,136:INFO:Creating metrics dataframe
2022-08-11 16:02:37,142:INFO:Uploading results into container
2022-08-11 16:02:37,142:INFO:Uploading model into container now
2022-08-11 16:02:37,142:INFO:create_model_container: 6
2022-08-11 16:02:37,142:INFO:master_model_container: 6
2022-08-11 16:02:37,142:INFO:display_container: 2
2022-08-11 16:02:37,143:INFO:RidgeClassifier(alpha=1.0, class_weight=None, copy_X=True, fit_intercept=True,
                max_iter=None, normalize=False, random_state=2017,
                solver='auto', tol=0.001)
2022-08-11 16:02:37,143:INFO:create_model() succesfully completed......................................
2022-08-11 16:02:37,220:INFO:SubProcess create_model() end ==================================
2022-08-11 16:02:37,220:INFO:Creating metrics dataframe
2022-08-11 16:02:37,228:INFO:Initializing Random Forest Classifier
2022-08-11 16:02:37,228:INFO:Total runtime is 0.09953084786732992 minutes
2022-08-11 16:02:37,232:INFO:SubProcess create_model() called ==================================
2022-08-11 16:02:37,233:INFO:Initializing create_model()
2022-08-11 16:02:37,233:INFO:create_model(estimator=rf, fold=StratifiedKFold(n_splits=10, random_state=None, shuffle=False), round=4, cross_validation=True, predict=True, fit_kwargs={}, groups=None, refit=False, verbose=False, system=False, metrics=None, experiment_custom_tags=None, add_to_model_list=True, probability_threshold=None, display=<pycaret.internal.Display.Display object at 0x7f58101afcd0>, return_train_score=False, kwargs={})
2022-08-11 16:02:37,233:INFO:Checking exceptions
2022-08-11 16:02:37,233:INFO:Importing libraries
2022-08-11 16:02:37,233:INFO:Copying training dataset
2022-08-11 16:02:37,234:INFO:Defining folds
2022-08-11 16:02:37,234:INFO:Declaring metric variables
2022-08-11 16:02:37,237:INFO:Importing untrained model
2022-08-11 16:02:37,241:INFO:Random Forest Classifier Imported succesfully
2022-08-11 16:02:37,249:INFO:Starting cross validation
2022-08-11 16:02:37,250:INFO:Cross validating with StratifiedKFold(n_splits=10, random_state=None, shuffle=False), n_jobs=-1
2022-08-11 16:02:39,079:INFO:Calculating mean and std
2022-08-11 16:02:39,080:INFO:Creating metrics dataframe
2022-08-11 16:02:39,086:INFO:Uploading results into container
2022-08-11 16:02:39,086:INFO:Uploading model into container now
2022-08-11 16:02:39,087:INFO:create_model_container: 7
2022-08-11 16:02:39,087:INFO:master_model_container: 7
2022-08-11 16:02:39,087:INFO:display_container: 2
2022-08-11 16:02:39,087:INFO:RandomForestClassifier(bootstrap=True, ccp_alpha=0.0, class_weight=None,
                       criterion='gini', max_depth=None, max_features='auto',
                       max_leaf_nodes=None, max_samples=None,
                       min_impurity_decrease=0.0, min_impurity_split=None,
                       min_samples_leaf=1, min_samples_split=2,
                       min_weight_fraction_leaf=0.0, n_estimators=100,
                       n_jobs=-1, oob_score=False, random_state=2017, verbose=0,
                       warm_start=False)
2022-08-11 16:02:39,087:INFO:create_model() succesfully completed......................................
2022-08-11 16:02:39,156:INFO:SubProcess create_model() end ==================================
2022-08-11 16:02:39,156:INFO:Creating metrics dataframe
2022-08-11 16:02:39,164:INFO:Initializing Quadratic Discriminant Analysis
2022-08-11 16:02:39,164:INFO:Total runtime is 0.13180282910664876 minutes
2022-08-11 16:02:39,169:INFO:SubProcess create_model() called ==================================
2022-08-11 16:02:39,169:INFO:Initializing create_model()
2022-08-11 16:02:39,169:INFO:create_model(estimator=qda, fold=StratifiedKFold(n_splits=10, random_state=None, shuffle=False), round=4, cross_validation=True, predict=True, fit_kwargs={}, groups=None, refit=False, verbose=False, system=False, metrics=None, experiment_custom_tags=None, add_to_model_list=True, probability_threshold=None, display=<pycaret.internal.Display.Display object at 0x7f58101afcd0>, return_train_score=False, kwargs={})
2022-08-11 16:02:39,170:INFO:Checking exceptions
2022-08-11 16:02:39,170:INFO:Importing libraries
2022-08-11 16:02:39,170:INFO:Copying training dataset
2022-08-11 16:02:39,171:INFO:Defining folds
2022-08-11 16:02:39,171:INFO:Declaring metric variables
2022-08-11 16:02:39,176:INFO:Importing untrained model
2022-08-11 16:02:39,182:INFO:Quadratic Discriminant Analysis Imported succesfully
2022-08-11 16:02:39,193:INFO:Starting cross validation
2022-08-11 16:02:39,193:INFO:Cross validating with StratifiedKFold(n_splits=10, random_state=None, shuffle=False), n_jobs=-1
2022-08-11 16:02:39,407:INFO:Calculating mean and std
2022-08-11 16:02:39,408:INFO:Creating metrics dataframe
2022-08-11 16:02:39,411:INFO:Uploading results into container
2022-08-11 16:02:39,411:INFO:Uploading model into container now
2022-08-11 16:02:39,411:INFO:create_model_container: 8
2022-08-11 16:02:39,411:INFO:master_model_container: 8
2022-08-11 16:02:39,411:INFO:display_container: 2
2022-08-11 16:02:39,411:INFO:QuadraticDiscriminantAnalysis(priors=None, reg_param=0.0,
                              store_covariance=False, tol=0.0001)
2022-08-11 16:02:39,411:INFO:create_model() succesfully completed......................................
2022-08-11 16:02:39,486:INFO:SubProcess create_model() end ==================================
2022-08-11 16:02:39,487:INFO:Creating metrics dataframe
2022-08-11 16:02:39,495:INFO:Initializing Ada Boost Classifier
2022-08-11 16:02:39,495:INFO:Total runtime is 0.13731086254119873 minutes
2022-08-11 16:02:39,500:INFO:SubProcess create_model() called ==================================
2022-08-11 16:02:39,501:INFO:Initializing create_model()
2022-08-11 16:02:39,501:INFO:create_model(estimator=ada, fold=StratifiedKFold(n_splits=10, random_state=None, shuffle=False), round=4, cross_validation=True, predict=True, fit_kwargs={}, groups=None, refit=False, verbose=False, system=False, metrics=None, experiment_custom_tags=None, add_to_model_list=True, probability_threshold=None, display=<pycaret.internal.Display.Display object at 0x7f58101afcd0>, return_train_score=False, kwargs={})
2022-08-11 16:02:39,501:INFO:Checking exceptions
2022-08-11 16:02:39,501:INFO:Importing libraries
2022-08-11 16:02:39,501:INFO:Copying training dataset
2022-08-11 16:02:39,502:INFO:Defining folds
2022-08-11 16:02:39,502:INFO:Declaring metric variables
2022-08-11 16:02:39,508:INFO:Importing untrained model
2022-08-11 16:02:39,514:INFO:Ada Boost Classifier Imported succesfully
2022-08-11 16:02:39,525:INFO:Starting cross validation
2022-08-11 16:02:39,525:INFO:Cross validating with StratifiedKFold(n_splits=10, random_state=None, shuffle=False), n_jobs=-1
2022-08-11 16:02:40,364:INFO:Calculating mean and std
2022-08-11 16:02:40,365:INFO:Creating metrics dataframe
2022-08-11 16:02:40,370:INFO:Uploading results into container
2022-08-11 16:02:40,371:INFO:Uploading model into container now
2022-08-11 16:02:40,371:INFO:create_model_container: 9
2022-08-11 16:02:40,371:INFO:master_model_container: 9
2022-08-11 16:02:40,371:INFO:display_container: 2
2022-08-11 16:02:40,371:INFO:AdaBoostClassifier(algorithm='SAMME.R', base_estimator=None, learning_rate=1.0,
                   n_estimators=50, random_state=2017)
2022-08-11 16:02:40,371:INFO:create_model() succesfully completed......................................
2022-08-11 16:02:40,446:INFO:SubProcess create_model() end ==================================
2022-08-11 16:02:40,447:INFO:Creating metrics dataframe
2022-08-11 16:02:40,454:INFO:Initializing Gradient Boosting Classifier
2022-08-11 16:02:40,454:INFO:Total runtime is 0.15329793294270833 minutes
2022-08-11 16:02:40,459:INFO:SubProcess create_model() called ==================================
2022-08-11 16:02:40,459:INFO:Initializing create_model()
2022-08-11 16:02:40,459:INFO:create_model(estimator=gbc, fold=StratifiedKFold(n_splits=10, random_state=None, shuffle=False), round=4, cross_validation=True, predict=True, fit_kwargs={}, groups=None, refit=False, verbose=False, system=False, metrics=None, experiment_custom_tags=None, add_to_model_list=True, probability_threshold=None, display=<pycaret.internal.Display.Display object at 0x7f58101afcd0>, return_train_score=False, kwargs={})
2022-08-11 16:02:40,459:INFO:Checking exceptions
2022-08-11 16:02:40,459:INFO:Importing libraries
2022-08-11 16:02:40,459:INFO:Copying training dataset
2022-08-11 16:02:40,460:INFO:Defining folds
2022-08-11 16:02:40,460:INFO:Declaring metric variables
2022-08-11 16:02:40,465:INFO:Importing untrained model
2022-08-11 16:02:40,472:INFO:Gradient Boosting Classifier Imported succesfully
2022-08-11 16:02:40,480:INFO:Starting cross validation
2022-08-11 16:02:40,481:INFO:Cross validating with StratifiedKFold(n_splits=10, random_state=None, shuffle=False), n_jobs=-1
2022-08-11 16:02:43,645:INFO:Calculating mean and std
2022-08-11 16:02:43,646:INFO:Creating metrics dataframe
2022-08-11 16:02:43,649:INFO:Uploading results into container
2022-08-11 16:02:43,649:INFO:Uploading model into container now
2022-08-11 16:02:43,649:INFO:create_model_container: 10
2022-08-11 16:02:43,649:INFO:master_model_container: 10
2022-08-11 16:02:43,649:INFO:display_container: 2
2022-08-11 16:02:43,649:INFO:GradientBoostingClassifier(ccp_alpha=0.0, criterion='friedman_mse', init=None,
                           learning_rate=0.1, loss='deviance', max_depth=3,
                           max_features=None, max_leaf_nodes=None,
                           min_impurity_decrease=0.0, min_impurity_split=None,
                           min_samples_leaf=1, min_samples_split=2,
                           min_weight_fraction_leaf=0.0, n_estimators=100,
                           n_iter_no_change=None, presort='deprecated',
                           random_state=2017, subsample=1.0, tol=0.0001,
                           validation_fraction=0.1, verbose=0,
                           warm_start=False)
2022-08-11 16:02:43,649:INFO:create_model() succesfully completed......................................
2022-08-11 16:02:43,718:INFO:SubProcess create_model() end ==================================
2022-08-11 16:02:43,718:INFO:Creating metrics dataframe
2022-08-11 16:02:43,726:INFO:Initializing Linear Discriminant Analysis
2022-08-11 16:02:43,726:INFO:Total runtime is 0.20783406496047974 minutes
2022-08-11 16:02:43,731:INFO:SubProcess create_model() called ==================================
2022-08-11 16:02:43,732:INFO:Initializing create_model()
2022-08-11 16:02:43,732:INFO:create_model(estimator=lda, fold=StratifiedKFold(n_splits=10, random_state=None, shuffle=False), round=4, cross_validation=True, predict=True, fit_kwargs={}, groups=None, refit=False, verbose=False, system=False, metrics=None, experiment_custom_tags=None, add_to_model_list=True, probability_threshold=None, display=<pycaret.internal.Display.Display object at 0x7f58101afcd0>, return_train_score=False, kwargs={})
2022-08-11 16:02:43,732:INFO:Checking exceptions
2022-08-11 16:02:43,733:INFO:Importing libraries
2022-08-11 16:02:43,733:INFO:Copying training dataset
2022-08-11 16:02:43,733:INFO:Defining folds
2022-08-11 16:02:43,734:INFO:Declaring metric variables
2022-08-11 16:02:43,738:INFO:Importing untrained model
2022-08-11 16:02:43,742:INFO:Linear Discriminant Analysis Imported succesfully
2022-08-11 16:02:43,751:INFO:Starting cross validation
2022-08-11 16:02:43,751:INFO:Cross validating with StratifiedKFold(n_splits=10, random_state=None, shuffle=False), n_jobs=-1
2022-08-11 16:02:44,038:INFO:Calculating mean and std
2022-08-11 16:02:44,039:INFO:Creating metrics dataframe
2022-08-11 16:02:44,045:INFO:Uploading results into container
2022-08-11 16:02:44,045:INFO:Uploading model into container now
2022-08-11 16:02:44,045:INFO:create_model_container: 11
2022-08-11 16:02:44,045:INFO:master_model_container: 11
2022-08-11 16:02:44,045:INFO:display_container: 2
2022-08-11 16:02:44,046:INFO:LinearDiscriminantAnalysis(n_components=None, priors=None, shrinkage=None,
                           solver='svd', store_covariance=False, tol=0.0001)
2022-08-11 16:02:44,046:INFO:create_model() succesfully completed......................................
2022-08-11 16:02:44,120:INFO:SubProcess create_model() end ==================================
2022-08-11 16:02:44,120:INFO:Creating metrics dataframe
2022-08-11 16:02:44,128:INFO:Initializing Extra Trees Classifier
2022-08-11 16:02:44,128:INFO:Total runtime is 0.21453590790430704 minutes
2022-08-11 16:02:44,133:INFO:SubProcess create_model() called ==================================
2022-08-11 16:02:44,133:INFO:Initializing create_model()
2022-08-11 16:02:44,133:INFO:create_model(estimator=et, fold=StratifiedKFold(n_splits=10, random_state=None, shuffle=False), round=4, cross_validation=True, predict=True, fit_kwargs={}, groups=None, refit=False, verbose=False, system=False, metrics=None, experiment_custom_tags=None, add_to_model_list=True, probability_threshold=None, display=<pycaret.internal.Display.Display object at 0x7f58101afcd0>, return_train_score=False, kwargs={})
2022-08-11 16:02:44,133:INFO:Checking exceptions
2022-08-11 16:02:44,133:INFO:Importing libraries
2022-08-11 16:02:44,133:INFO:Copying training dataset
2022-08-11 16:02:44,134:INFO:Defining folds
2022-08-11 16:02:44,134:INFO:Declaring metric variables
2022-08-11 16:02:44,139:INFO:Importing untrained model
2022-08-11 16:02:44,144:INFO:Extra Trees Classifier Imported succesfully
2022-08-11 16:02:44,152:INFO:Starting cross validation
2022-08-11 16:02:44,153:INFO:Cross validating with StratifiedKFold(n_splits=10, random_state=None, shuffle=False), n_jobs=-1
2022-08-11 16:02:45,893:INFO:Calculating mean and std
2022-08-11 16:02:45,894:INFO:Creating metrics dataframe
2022-08-11 16:02:45,900:INFO:Uploading results into container
2022-08-11 16:02:45,900:INFO:Uploading model into container now
2022-08-11 16:02:45,900:INFO:create_model_container: 12
2022-08-11 16:02:45,900:INFO:master_model_container: 12
2022-08-11 16:02:45,900:INFO:display_container: 2
2022-08-11 16:02:45,900:INFO:ExtraTreesClassifier(bootstrap=False, ccp_alpha=0.0, class_weight=None,
                     criterion='gini', max_depth=None, max_features='auto',
                     max_leaf_nodes=None, max_samples=None,
                     min_impurity_decrease=0.0, min_impurity_split=None,
                     min_samples_leaf=1, min_samples_split=2,
                     min_weight_fraction_leaf=0.0, n_estimators=100, n_jobs=-1,
                     oob_score=False, random_state=2017, verbose=0,
                     warm_start=False)
2022-08-11 16:02:45,901:INFO:create_model() succesfully completed......................................
2022-08-11 16:02:45,967:INFO:SubProcess create_model() end ==================================
2022-08-11 16:02:45,968:INFO:Creating metrics dataframe
2022-08-11 16:02:45,976:INFO:Initializing Light Gradient Boosting Machine
2022-08-11 16:02:45,976:INFO:Total runtime is 0.24532319307327272 minutes
2022-08-11 16:02:45,980:INFO:SubProcess create_model() called ==================================
2022-08-11 16:02:45,980:INFO:Initializing create_model()
2022-08-11 16:02:45,980:INFO:create_model(estimator=lightgbm, fold=StratifiedKFold(n_splits=10, random_state=None, shuffle=False), round=4, cross_validation=True, predict=True, fit_kwargs={}, groups=None, refit=False, verbose=False, system=False, metrics=None, experiment_custom_tags=None, add_to_model_list=True, probability_threshold=None, display=<pycaret.internal.Display.Display object at 0x7f58101afcd0>, return_train_score=False, kwargs={})
2022-08-11 16:02:45,980:INFO:Checking exceptions
2022-08-11 16:02:45,980:INFO:Importing libraries
2022-08-11 16:02:45,981:INFO:Copying training dataset
2022-08-11 16:02:45,982:INFO:Defining folds
2022-08-11 16:02:45,982:INFO:Declaring metric variables
2022-08-11 16:02:45,986:INFO:Importing untrained model
2022-08-11 16:02:45,990:INFO:Light Gradient Boosting Machine Imported succesfully
2022-08-11 16:02:46,001:INFO:Starting cross validation
2022-08-11 16:02:46,002:INFO:Cross validating with StratifiedKFold(n_splits=10, random_state=None, shuffle=False), n_jobs=-1
2022-08-11 16:02:46,616:INFO:Calculating mean and std
2022-08-11 16:02:46,617:INFO:Creating metrics dataframe
2022-08-11 16:02:46,623:INFO:Uploading results into container
2022-08-11 16:02:46,624:INFO:Uploading model into container now
2022-08-11 16:02:46,624:INFO:create_model_container: 13
2022-08-11 16:02:46,624:INFO:master_model_container: 13
2022-08-11 16:02:46,624:INFO:display_container: 2
2022-08-11 16:02:46,625:INFO:LGBMClassifier(boosting_type='gbdt', class_weight=None, colsample_bytree=1.0,
               importance_type='split', learning_rate=0.1, max_depth=-1,
               min_child_samples=20, min_child_weight=0.001, min_split_gain=0.0,
               n_estimators=100, n_jobs=-1, num_leaves=31, objective=None,
               random_state=2017, reg_alpha=0.0, reg_lambda=0.0, silent=True,
               subsample=1.0, subsample_for_bin=200000, subsample_freq=0)
2022-08-11 16:02:46,625:INFO:create_model() succesfully completed......................................
2022-08-11 16:02:46,702:INFO:SubProcess create_model() end ==================================
2022-08-11 16:02:46,702:INFO:Creating metrics dataframe
2022-08-11 16:02:46,711:INFO:Initializing Dummy Classifier
2022-08-11 16:02:46,711:INFO:Total runtime is 0.25757523377736413 minutes
2022-08-11 16:02:46,715:INFO:SubProcess create_model() called ==================================
2022-08-11 16:02:46,715:INFO:Initializing create_model()
2022-08-11 16:02:46,715:INFO:create_model(estimator=dummy, fold=StratifiedKFold(n_splits=10, random_state=None, shuffle=False), round=4, cross_validation=True, predict=True, fit_kwargs={}, groups=None, refit=False, verbose=False, system=False, metrics=None, experiment_custom_tags=None, add_to_model_list=True, probability_threshold=None, display=<pycaret.internal.Display.Display object at 0x7f58101afcd0>, return_train_score=False, kwargs={})
2022-08-11 16:02:46,715:INFO:Checking exceptions
2022-08-11 16:02:46,715:INFO:Importing libraries
2022-08-11 16:02:46,715:INFO:Copying training dataset
2022-08-11 16:02:46,716:INFO:Defining folds
2022-08-11 16:02:46,717:INFO:Declaring metric variables
2022-08-11 16:02:46,721:INFO:Importing untrained model
2022-08-11 16:02:46,727:INFO:Dummy Classifier Imported succesfully
2022-08-11 16:02:46,738:INFO:Starting cross validation
2022-08-11 16:02:46,739:INFO:Cross validating with StratifiedKFold(n_splits=10, random_state=None, shuffle=False), n_jobs=-1
2022-08-11 16:02:46,872:INFO:Calculating mean and std
2022-08-11 16:02:46,873:INFO:Creating metrics dataframe
2022-08-11 16:02:46,878:INFO:Uploading results into container
2022-08-11 16:02:46,878:INFO:Uploading model into container now
2022-08-11 16:02:46,878:INFO:create_model_container: 14
2022-08-11 16:02:46,878:INFO:master_model_container: 14
2022-08-11 16:02:46,878:INFO:display_container: 2
2022-08-11 16:02:46,878:INFO:DummyClassifier(constant=None, random_state=2017, strategy='prior')
2022-08-11 16:02:46,878:INFO:create_model() succesfully completed......................................
2022-08-11 16:02:46,956:INFO:SubProcess create_model() end ==================================
2022-08-11 16:02:46,957:INFO:Creating metrics dataframe
2022-08-11 16:02:46,977:INFO:Initializing create_model()
2022-08-11 16:02:46,977:INFO:create_model(estimator=ExtraTreesClassifier(bootstrap=False, ccp_alpha=0.0, class_weight=None,
                     criterion='gini', max_depth=None, max_features='auto',
                     max_leaf_nodes=None, max_samples=None,
                     min_impurity_decrease=0.0, min_impurity_split=None,
                     min_samples_leaf=1, min_samples_split=2,
                     min_weight_fraction_leaf=0.0, n_estimators=100, n_jobs=-1,
                     oob_score=False, random_state=2017, verbose=0,
                     warm_start=False), fold=StratifiedKFold(n_splits=10, random_state=None, shuffle=False), round=4, cross_validation=False, predict=False, fit_kwargs={}, groups=None, refit=True, verbose=False, system=False, metrics=None, experiment_custom_tags=None, add_to_model_list=True, probability_threshold=None, display=None, return_train_score=False, kwargs={})
2022-08-11 16:02:46,978:INFO:Checking exceptions
2022-08-11 16:02:46,978:INFO:Importing libraries
2022-08-11 16:02:46,978:INFO:Copying training dataset
2022-08-11 16:02:46,978:INFO:Defining folds
2022-08-11 16:02:46,978:INFO:Declaring metric variables
2022-08-11 16:02:46,978:INFO:Importing untrained model
2022-08-11 16:02:46,978:INFO:Declaring custom model
2022-08-11 16:02:46,979:INFO:Extra Trees Classifier Imported succesfully
2022-08-11 16:02:46,979:INFO:Cross validation set to False
2022-08-11 16:02:46,979:INFO:Fitting Model
2022-08-11 16:02:47,245:INFO:ExtraTreesClassifier(bootstrap=False, ccp_alpha=0.0, class_weight=None,
                     criterion='gini', max_depth=None, max_features='auto',
                     max_leaf_nodes=None, max_samples=None,
                     min_impurity_decrease=0.0, min_impurity_split=None,
                     min_samples_leaf=1, min_samples_split=2,
                     min_weight_fraction_leaf=0.0, n_estimators=100, n_jobs=-1,
                     oob_score=False, random_state=2017, verbose=0,
                     warm_start=False)
2022-08-11 16:02:47,245:INFO:create_models() succesfully completed......................................
2022-08-11 16:02:47,317:INFO:Initializing create_model()
2022-08-11 16:02:47,317:INFO:create_model(estimator=RandomForestClassifier(bootstrap=True, ccp_alpha=0.0, class_weight=None,
                       criterion='gini', max_depth=None, max_features='auto',
                       max_leaf_nodes=None, max_samples=None,
                       min_impurity_decrease=0.0, min_impurity_split=None,
                       min_samples_leaf=1, min_samples_split=2,
                       min_weight_fraction_leaf=0.0, n_estimators=100,
                       n_jobs=-1, oob_score=False, random_state=2017, verbose=0,
                       warm_start=False), fold=StratifiedKFold(n_splits=10, random_state=None, shuffle=False), round=4, cross_validation=False, predict=False, fit_kwargs={}, groups=None, refit=True, verbose=False, system=False, metrics=None, experiment_custom_tags=None, add_to_model_list=True, probability_threshold=None, display=None, return_train_score=False, kwargs={})
2022-08-11 16:02:47,317:INFO:Checking exceptions
2022-08-11 16:02:47,317:INFO:Importing libraries
2022-08-11 16:02:47,318:INFO:Copying training dataset
2022-08-11 16:02:47,318:INFO:Defining folds
2022-08-11 16:02:47,318:INFO:Declaring metric variables
2022-08-11 16:02:47,318:INFO:Importing untrained model
2022-08-11 16:02:47,318:INFO:Declaring custom model
2022-08-11 16:02:47,318:INFO:Random Forest Classifier Imported succesfully
2022-08-11 16:02:47,319:INFO:Cross validation set to False
2022-08-11 16:02:47,319:INFO:Fitting Model
2022-08-11 16:02:47,589:INFO:RandomForestClassifier(bootstrap=True, ccp_alpha=0.0, class_weight=None,
                       criterion='gini', max_depth=None, max_features='auto',
                       max_leaf_nodes=None, max_samples=None,
                       min_impurity_decrease=0.0, min_impurity_split=None,
                       min_samples_leaf=1, min_samples_split=2,
                       min_weight_fraction_leaf=0.0, n_estimators=100,
                       n_jobs=-1, oob_score=False, random_state=2017, verbose=0,
                       warm_start=False)
2022-08-11 16:02:47,589:INFO:create_models() succesfully completed......................................
2022-08-11 16:02:47,662:INFO:Initializing create_model()
2022-08-11 16:02:47,662:INFO:create_model(estimator=LGBMClassifier(boosting_type='gbdt', class_weight=None, colsample_bytree=1.0,
               importance_type='split', learning_rate=0.1, max_depth=-1,
               min_child_samples=20, min_child_weight=0.001, min_split_gain=0.0,
               n_estimators=100, n_jobs=-1, num_leaves=31, objective=None,
               random_state=2017, reg_alpha=0.0, reg_lambda=0.0, silent=True,
               subsample=1.0, subsample_for_bin=200000, subsample_freq=0), fold=StratifiedKFold(n_splits=10, random_state=None, shuffle=False), round=4, cross_validation=False, predict=False, fit_kwargs={}, groups=None, refit=True, verbose=False, system=False, metrics=None, experiment_custom_tags=None, add_to_model_list=True, probability_threshold=None, display=None, return_train_score=False, kwargs={})
2022-08-11 16:02:47,662:INFO:Checking exceptions
2022-08-11 16:02:47,662:INFO:Importing libraries
2022-08-11 16:02:47,662:INFO:Copying training dataset
2022-08-11 16:02:47,663:INFO:Defining folds
2022-08-11 16:02:47,663:INFO:Declaring metric variables
2022-08-11 16:02:47,663:INFO:Importing untrained model
2022-08-11 16:02:47,663:INFO:Declaring custom model
2022-08-11 16:02:47,663:INFO:Light Gradient Boosting Machine Imported succesfully
2022-08-11 16:02:47,664:INFO:Cross validation set to False
2022-08-11 16:02:47,664:INFO:Fitting Model
2022-08-11 16:02:47,907:INFO:LGBMClassifier(boosting_type='gbdt', class_weight=None, colsample_bytree=1.0,
               importance_type='split', learning_rate=0.1, max_depth=-1,
               min_child_samples=20, min_child_weight=0.001, min_split_gain=0.0,
               n_estimators=100, n_jobs=-1, num_leaves=31, objective=None,
               random_state=2017, reg_alpha=0.0, reg_lambda=0.0, silent=True,
               subsample=1.0, subsample_for_bin=200000, subsample_freq=0)
2022-08-11 16:02:47,907:INFO:create_models() succesfully completed......................................
2022-08-11 16:02:47,991:INFO:create_model_container: 14
2022-08-11 16:02:47,991:INFO:master_model_container: 14
2022-08-11 16:02:47,991:INFO:display_container: 2
2022-08-11 16:02:47,991:INFO:[ExtraTreesClassifier(bootstrap=False, ccp_alpha=0.0, class_weight=None,
                     criterion='gini', max_depth=None, max_features='auto',
                     max_leaf_nodes=None, max_samples=None,
                     min_impurity_decrease=0.0, min_impurity_split=None,
                     min_samples_leaf=1, min_samples_split=2,
                     min_weight_fraction_leaf=0.0, n_estimators=100, n_jobs=-1,
                     oob_score=False, random_state=2017, verbose=0,
                     warm_start=False), RandomForestClassifier(bootstrap=True, ccp_alpha=0.0, class_weight=None,
                       criterion='gini', max_depth=None, max_features='auto',
                       max_leaf_nodes=None, max_samples=None,
                       min_impurity_decrease=0.0, min_impurity_split=None,
                       min_samples_leaf=1, min_samples_split=2,
                       min_weight_fraction_leaf=0.0, n_estimators=100,
                       n_jobs=-1, oob_score=False, random_state=2017, verbose=0,
                       warm_start=False), LGBMClassifier(boosting_type='gbdt', class_weight=None, colsample_bytree=1.0,
               importance_type='split', learning_rate=0.1, max_depth=-1,
               min_child_samples=20, min_child_weight=0.001, min_split_gain=0.0,
               n_estimators=100, n_jobs=-1, num_leaves=31, objective=None,
               random_state=2017, reg_alpha=0.0, reg_lambda=0.0, silent=True,
               subsample=1.0, subsample_for_bin=200000, subsample_freq=0)]
2022-08-11 16:02:47,991:INFO:compare_models() succesfully completed......................................
2022-08-11 16:03:15,443:INFO:Initializing blend_models()
2022-08-11 16:03:15,444:INFO:blend_models(estimator_list=[ExtraTreesClassifier(bootstrap=False, ccp_alpha=0.0, class_weight=None,
                     criterion='gini', max_depth=None, max_features='auto',
                     max_leaf_nodes=None, max_samples=None,
                     min_impurity_decrease=0.0, min_impurity_split=None,
                     min_samples_leaf=1, min_samples_split=2,
                     min_weight_fraction_leaf=0.0, n_estimators=100, n_jobs=-1,
                     oob_score=False, random_state=2017, verbose=0,
                     warm_start=False), RandomForestClassifier(bootstrap=True, ccp_alpha=0.0, class_weight=None,
                       criterion='gini', max_depth=None, max_features='auto',
                       max_leaf_nodes=None, max_samples=None,
                       min_impurity_decrease=0.0, min_impurity_split=None,
                       min_samples_leaf=1, min_samples_split=2,
                       min_weight_fraction_leaf=0.0, n_estimators=100,
                       n_jobs=-1, oob_score=False, random_state=2017, verbose=0,
                       warm_start=False), LGBMClassifier(boosting_type='gbdt', class_weight=None, colsample_bytree=1.0,
               importance_type='split', learning_rate=0.1, max_depth=-1,
               min_child_samples=20, min_child_weight=0.001, min_split_gain=0.0,
               n_estimators=100, n_jobs=-1, num_leaves=31, objective=None,
               random_state=2017, reg_alpha=0.0, reg_lambda=0.0, silent=True,
               subsample=1.0, subsample_for_bin=200000, subsample_freq=0)], fold=5, round=4, choose_better=False, optimize=Accuracy, method=soft, weights=None, fit_kwargs=None, groups=None, probability_threshold=None, verbose=True, display=None, return_train_score=False)
2022-08-11 16:03:15,445:INFO:Checking exceptions
2022-08-11 16:03:15,446:INFO:Preparing display monitor
2022-08-11 16:03:15,464:INFO:Importing libraries
2022-08-11 16:03:15,464:INFO:Copying training dataset
2022-08-11 16:03:15,473:INFO:Getting model names
2022-08-11 16:03:15,482:INFO:SubProcess create_model() called ==================================
2022-08-11 16:03:15,488:INFO:Initializing create_model()
2022-08-11 16:03:15,488:INFO:create_model(estimator=VotingClassifier(estimators=[('et',
                              ExtraTreesClassifier(bootstrap=False,
                                                   ccp_alpha=0.0,
                                                   class_weight=None,
                                                   criterion='gini',
                                                   max_depth=None,
                                                   max_features='auto',
                                                   max_leaf_nodes=None,
                                                   max_samples=None,
                                                   min_impurity_decrease=0.0,
                                                   min_impurity_split=None,
                                                   min_samples_leaf=1,
                                                   min_samples_split=2,
                                                   min_weight_fraction_leaf=0.0,
                                                   n_estimators=100, n_jobs=-1,
                                                   oob_score=Fa...
                                             importance_type='split',
                                             learning_rate=0.1, max_depth=-1,
                                             min_child_samples=20,
                                             min_child_weight=0.001,
                                             min_split_gain=0.0,
                                             n_estimators=100, n_jobs=-1,
                                             num_leaves=31, objective=None,
                                             random_state=2017, reg_alpha=0.0,
                                             reg_lambda=0.0, silent=True,
                                             subsample=1.0,
                                             subsample_for_bin=200000,
                                             subsample_freq=0))],
                 flatten_transform=True, n_jobs=-1, verbose=False,
                 voting='soft', weights=None), fold=StratifiedKFold(n_splits=5, random_state=None, shuffle=False), round=4, cross_validation=True, predict=True, fit_kwargs={}, groups=None, refit=True, verbose=True, system=False, metrics=None, experiment_custom_tags=None, add_to_model_list=True, probability_threshold=None, display=<pycaret.internal.Display.Display object at 0x7f5789769b50>, return_train_score=False, kwargs={})
2022-08-11 16:03:15,489:INFO:Checking exceptions
2022-08-11 16:03:15,489:INFO:Importing libraries
2022-08-11 16:03:15,489:INFO:Copying training dataset
2022-08-11 16:03:15,490:INFO:Defining folds
2022-08-11 16:03:15,490:INFO:Declaring metric variables
2022-08-11 16:03:15,497:INFO:Importing untrained model
2022-08-11 16:03:15,497:INFO:Declaring custom model
2022-08-11 16:03:15,505:INFO:Voting Classifier Imported succesfully
2022-08-11 16:03:15,517:INFO:Starting cross validation
2022-08-11 16:03:15,517:INFO:Cross validating with StratifiedKFold(n_splits=5, random_state=None, shuffle=False), n_jobs=-1
2022-08-11 16:03:17,311:INFO:Calculating mean and std
2022-08-11 16:03:17,312:INFO:Creating metrics dataframe
2022-08-11 16:03:17,320:INFO:Finalizing model
2022-08-11 16:03:18,034:INFO:Uploading results into container
2022-08-11 16:03:18,034:INFO:Uploading model into container now
2022-08-11 16:03:18,034:INFO:create_model_container: 15
2022-08-11 16:03:18,034:INFO:master_model_container: 15
2022-08-11 16:03:18,034:INFO:display_container: 3
2022-08-11 16:03:18,041:INFO:VotingClassifier(estimators=[('et',
                              ExtraTreesClassifier(bootstrap=False,
                                                   ccp_alpha=0.0,
                                                   class_weight=None,
                                                   criterion='gini',
                                                   max_depth=None,
                                                   max_features='auto',
                                                   max_leaf_nodes=None,
                                                   max_samples=None,
                                                   min_impurity_decrease=0.0,
                                                   min_impurity_split=None,
                                                   min_samples_leaf=1,
                                                   min_samples_split=2,
                                                   min_weight_fraction_leaf=0.0,
                                                   n_estimators=100, n_jobs=-1,
                                                   oob_score=Fa...
                                             importance_type='split',
                                             learning_rate=0.1, max_depth=-1,
                                             min_child_samples=20,
                                             min_child_weight=0.001,
                                             min_split_gain=0.0,
                                             n_estimators=100, n_jobs=-1,
                                             num_leaves=31, objective=None,
                                             random_state=2017, reg_alpha=0.0,
                                             reg_lambda=0.0, silent=True,
                                             subsample=1.0,
                                             subsample_for_bin=200000,
                                             subsample_freq=0))],
                 flatten_transform=True, n_jobs=-1, verbose=False,
                 voting='soft', weights=None)
2022-08-11 16:03:18,041:INFO:create_model() succesfully completed......................................
2022-08-11 16:03:18,117:INFO:SubProcess create_model() end ==================================
2022-08-11 16:03:18,122:INFO:create_model_container: 15
2022-08-11 16:03:18,122:INFO:master_model_container: 15
2022-08-11 16:03:18,122:INFO:display_container: 3
2022-08-11 16:03:18,125:INFO:VotingClassifier(estimators=[('et',
                              ExtraTreesClassifier(bootstrap=False,
                                                   ccp_alpha=0.0,
                                                   class_weight=None,
                                                   criterion='gini',
                                                   max_depth=None,
                                                   max_features='auto',
                                                   max_leaf_nodes=None,
                                                   max_samples=None,
                                                   min_impurity_decrease=0.0,
                                                   min_impurity_split=None,
                                                   min_samples_leaf=1,
                                                   min_samples_split=2,
                                                   min_weight_fraction_leaf=0.0,
                                                   n_estimators=100, n_jobs=-1,
                                                   oob_score=Fa...
                                             importance_type='split',
                                             learning_rate=0.1, max_depth=-1,
                                             min_child_samples=20,
                                             min_child_weight=0.001,
                                             min_split_gain=0.0,
                                             n_estimators=100, n_jobs=-1,
                                             num_leaves=31, objective=None,
                                             random_state=2017, reg_alpha=0.0,
                                             reg_lambda=0.0, silent=True,
                                             subsample=1.0,
                                             subsample_for_bin=200000,
                                             subsample_freq=0))],
                 flatten_transform=True, n_jobs=-1, verbose=False,
                 voting='soft', weights=None)
2022-08-11 16:03:18,125:INFO:blend_models() succesfully completed......................................
2022-08-11 16:03:36,111:INFO:Initializing predict_model()
2022-08-11 16:03:36,111:INFO:predict_model(estimator=VotingClassifier(estimators=[('et',
                              ExtraTreesClassifier(bootstrap=False,
                                                   ccp_alpha=0.0,
                                                   class_weight=None,
                                                   criterion='gini',
                                                   max_depth=None,
                                                   max_features='auto',
                                                   max_leaf_nodes=None,
                                                   max_samples=None,
                                                   min_impurity_decrease=0.0,
                                                   min_impurity_split=None,
                                                   min_samples_leaf=1,
                                                   min_samples_split=2,
                                                   min_weight_fraction_leaf=0.0,
                                                   n_estimators=100, n_jobs=-1,
                                                   oob_score=Fa...
                                             importance_type='split',
                                             learning_rate=0.1, max_depth=-1,
                                             min_child_samples=20,
                                             min_child_weight=0.001,
                                             min_split_gain=0.0,
                                             n_estimators=100, n_jobs=-1,
                                             num_leaves=31, objective=None,
                                             random_state=2017, reg_alpha=0.0,
                                             reg_lambda=0.0, silent=True,
                                             subsample=1.0,
                                             subsample_for_bin=200000,
                                             subsample_freq=0))],
                 flatten_transform=True, n_jobs=-1, verbose=False,
                 voting='soft', weights=None), probability_threshold=None, encoded_labels=False, drift_report=False, raw_score=False, round=4, verbose=True, ml_usecase=MLUsecase.CLASSIFICATION, display=None, drift_kwargs=None)
2022-08-11 16:03:36,111:INFO:Checking exceptions
2022-08-11 16:03:36,112:INFO:Preloading libraries
2022-08-11 16:03:36,112:INFO:Preparing display monitor
2022-08-11 16:03:47,222:INFO:Initializing finalize_model()
2022-08-11 16:03:47,223:INFO:finalize_model(estimator=VotingClassifier(estimators=[('et',
                              ExtraTreesClassifier(bootstrap=False,
                                                   ccp_alpha=0.0,
                                                   class_weight=None,
                                                   criterion='gini',
                                                   max_depth=None,
                                                   max_features='auto',
                                                   max_leaf_nodes=None,
                                                   max_samples=None,
                                                   min_impurity_decrease=0.0,
                                                   min_impurity_split=None,
                                                   min_samples_leaf=1,
                                                   min_samples_split=2,
                                                   min_weight_fraction_leaf=0.0,
                                                   n_estimators=100, n_jobs=-1,
                                                   oob_score=Fa...
                                             importance_type='split',
                                             learning_rate=0.1, max_depth=-1,
                                             min_child_samples=20,
                                             min_child_weight=0.001,
                                             min_split_gain=0.0,
                                             n_estimators=100, n_jobs=-1,
                                             num_leaves=31, objective=None,
                                             random_state=2017, reg_alpha=0.0,
                                             reg_lambda=0.0, silent=True,
                                             subsample=1.0,
                                             subsample_for_bin=200000,
                                             subsample_freq=0))],
                 flatten_transform=True, n_jobs=-1, verbose=False,
                 voting='soft', weights=None), fit_kwargs=None, groups=None, model_only=True, display=None, experiment_custom_tags=None, return_train_score=False)
2022-08-11 16:03:47,225:INFO:Finalizing VotingClassifier(estimators=[('et',
                              ExtraTreesClassifier(bootstrap=False,
                                                   ccp_alpha=0.0,
                                                   class_weight=None,
                                                   criterion='gini',
                                                   max_depth=None,
                                                   max_features='auto',
                                                   max_leaf_nodes=None,
                                                   max_samples=None,
                                                   min_impurity_decrease=0.0,
                                                   min_impurity_split=None,
                                                   min_samples_leaf=1,
                                                   min_samples_split=2,
                                                   min_weight_fraction_leaf=0.0,
                                                   n_estimators=100, n_jobs=-1,
                                                   oob_score=Fa...
                                             importance_type='split',
                                             learning_rate=0.1, max_depth=-1,
                                             min_child_samples=20,
                                             min_child_weight=0.001,
                                             min_split_gain=0.0,
                                             n_estimators=100, n_jobs=-1,
                                             num_leaves=31, objective=None,
                                             random_state=2017, reg_alpha=0.0,
                                             reg_lambda=0.0, silent=True,
                                             subsample=1.0,
                                             subsample_for_bin=200000,
                                             subsample_freq=0))],
                 flatten_transform=True, n_jobs=-1, verbose=False,
                 voting='soft', weights=None)
2022-08-11 16:03:47,228:INFO:Initializing create_model()
2022-08-11 16:03:47,228:INFO:create_model(estimator=VotingClassifier(estimators=[('et',
                              ExtraTreesClassifier(bootstrap=False,
                                                   ccp_alpha=0.0,
                                                   class_weight=None,
                                                   criterion='gini',
                                                   max_depth=None,
                                                   max_features='auto',
                                                   max_leaf_nodes=None,
                                                   max_samples=None,
                                                   min_impurity_decrease=0.0,
                                                   min_impurity_split=None,
                                                   min_samples_leaf=1,
                                                   min_samples_split=2,
                                                   min_weight_fraction_leaf=0.0,
                                                   n_estimators=100, n_jobs=-1,
                                                   oob_score=Fa...
                                             importance_type='split',
                                             learning_rate=0.1, max_depth=-1,
                                             min_child_samples=20,
                                             min_child_weight=0.001,
                                             min_split_gain=0.0,
                                             n_estimators=100, n_jobs=-1,
                                             num_leaves=31, objective=None,
                                             random_state=2017, reg_alpha=0.0,
                                             reg_lambda=0.0, silent=True,
                                             subsample=1.0,
                                             subsample_for_bin=200000,
                                             subsample_freq=0))],
                 flatten_transform=True, n_jobs=-1, verbose=False,
                 voting='soft', weights=None), fold=None, round=4, cross_validation=True, predict=True, fit_kwargs={}, groups=None, refit=True, verbose=False, system=False, metrics=None, experiment_custom_tags=None, add_to_model_list=False, probability_threshold=None, display=None, return_train_score=False, kwargs={})
2022-08-11 16:03:47,228:INFO:Checking exceptions
2022-08-11 16:03:47,228:INFO:Importing libraries
2022-08-11 16:03:47,228:INFO:Copying training dataset
2022-08-11 16:03:47,229:INFO:Defining folds
2022-08-11 16:03:47,229:INFO:Declaring metric variables
2022-08-11 16:03:47,229:INFO:Importing untrained model
2022-08-11 16:03:47,229:INFO:Declaring custom model
2022-08-11 16:03:47,230:INFO:Voting Classifier Imported succesfully
2022-08-11 16:03:47,230:INFO:Starting cross validation
2022-08-11 16:03:47,231:INFO:Cross validating with StratifiedKFold(n_splits=10, random_state=None, shuffle=False), n_jobs=-1
2022-08-11 16:03:52,701:INFO:Calculating mean and std
2022-08-11 16:03:52,702:INFO:Creating metrics dataframe
2022-08-11 16:03:52,705:INFO:Finalizing model
2022-08-11 16:03:53,578:INFO:create_model_container: 15
2022-08-11 16:03:53,578:INFO:master_model_container: 15
2022-08-11 16:03:53,578:INFO:display_container: 5
2022-08-11 16:03:53,583:INFO:VotingClassifier(estimators=[('et',
                              ExtraTreesClassifier(bootstrap=False,
                                                   ccp_alpha=0.0,
                                                   class_weight=None,
                                                   criterion='gini',
                                                   max_depth=None,
                                                   max_features='auto',
                                                   max_leaf_nodes=None,
                                                   max_samples=None,
                                                   min_impurity_decrease=0.0,
                                                   min_impurity_split=None,
                                                   min_samples_leaf=1,
                                                   min_samples_split=2,
                                                   min_weight_fraction_leaf=0.0,
                                                   n_estimators=100, n_jobs=-1,
                                                   oob_score=Fa...
                                             importance_type='split',
                                             learning_rate=0.1, max_depth=-1,
                                             min_child_samples=20,
                                             min_child_weight=0.001,
                                             min_split_gain=0.0,
                                             n_estimators=100, n_jobs=-1,
                                             num_leaves=31, objective=None,
                                             random_state=2017, reg_alpha=0.0,
                                             reg_lambda=0.0, silent=True,
                                             subsample=1.0,
                                             subsample_for_bin=200000,
                                             subsample_freq=0))],
                 flatten_transform=True, n_jobs=-1, verbose=False,
                 voting='soft', weights=None)
2022-08-11 16:03:53,583:INFO:create_model() succesfully completed......................................
2022-08-11 16:03:53,655:INFO:create_model_container: 15
2022-08-11 16:03:53,656:INFO:master_model_container: 15
2022-08-11 16:03:53,656:INFO:display_container: 4
2022-08-11 16:03:53,658:INFO:VotingClassifier(estimators=[('et',
                              ExtraTreesClassifier(bootstrap=False,
                                                   ccp_alpha=0.0,
                                                   class_weight=None,
                                                   criterion='gini',
                                                   max_depth=None,
                                                   max_features='auto',
                                                   max_leaf_nodes=None,
                                                   max_samples=None,
                                                   min_impurity_decrease=0.0,
                                                   min_impurity_split=None,
                                                   min_samples_leaf=1,
                                                   min_samples_split=2,
                                                   min_weight_fraction_leaf=0.0,
                                                   n_estimators=100, n_jobs=-1,
                                                   oob_score=Fa...
                                             importance_type='split',
                                             learning_rate=0.1, max_depth=-1,
                                             min_child_samples=20,
                                             min_child_weight=0.001,
                                             min_split_gain=0.0,
                                             n_estimators=100, n_jobs=-1,
                                             num_leaves=31, objective=None,
                                             random_state=2017, reg_alpha=0.0,
                                             reg_lambda=0.0, silent=True,
                                             subsample=1.0,
                                             subsample_for_bin=200000,
                                             subsample_freq=0))],
                 flatten_transform=True, n_jobs=-1, verbose=False,
                 voting='soft', weights=None)
2022-08-11 16:03:53,658:INFO:finalize_model() succesfully completed......................................
2022-08-11 16:04:55,892:INFO:Initializing predict_model()
2022-08-11 16:04:55,892:INFO:predict_model(estimator=VotingClassifier(estimators=[('et',
                              ExtraTreesClassifier(bootstrap=False,
                                                   ccp_alpha=0.0,
                                                   class_weight=None,
                                                   criterion='gini',
                                                   max_depth=None,
                                                   max_features='auto',
                                                   max_leaf_nodes=None,
                                                   max_samples=None,
                                                   min_impurity_decrease=0.0,
                                                   min_impurity_split=None,
                                                   min_samples_leaf=1,
                                                   min_samples_split=2,
                                                   min_weight_fraction_leaf=0.0,
                                                   n_estimators=100, n_jobs=-1,
                                                   oob_score=Fa...
                                             importance_type='split',
                                             learning_rate=0.1, max_depth=-1,
                                             min_child_samples=20,
                                             min_child_weight=0.001,
                                             min_split_gain=0.0,
                                             n_estimators=100, n_jobs=-1,
                                             num_leaves=31, objective=None,
                                             random_state=2017, reg_alpha=0.0,
                                             reg_lambda=0.0, silent=True,
                                             subsample=1.0,
                                             subsample_for_bin=200000,
                                             subsample_freq=0))],
                 flatten_transform=True, n_jobs=-1, verbose=False,
                 voting='soft', weights=None), probability_threshold=None, encoded_labels=False, drift_report=False, raw_score=False, round=4, verbose=True, ml_usecase=MLUsecase.CLASSIFICATION, display=None, drift_kwargs=None)
2022-08-11 16:04:55,892:INFO:Checking exceptions
2022-08-11 16:04:55,892:INFO:Preloading libraries
2022-08-11 16:04:55,892:INFO:Preparing display monitor
